W0325 03:06:26.300000 670918 torch/distributed/run.py:851] 
W0325 03:06:26.300000 670918 torch/distributed/run.py:851] *****************************************
W0325 03:06:26.300000 670918 torch/distributed/run.py:851] Setting OMP_NUM_THREADS environment variable for each process to be 1 in default, to avoid your system being overloaded, please further tune the variable for optimal performance in your application as needed. 
W0325 03:06:26.300000 670918 torch/distributed/run.py:851] *****************************************
[W325 03:06:29.950103487 socket.cpp:764] [c10d] The client socket cannot be initialized to connect to [localhost]:46413 (errno: 97 - Address family not supported by protocol).
[W325 03:06:29.958381536 socket.cpp:764] [c10d] The client socket cannot be initialized to connect to [::ffff:127.0.0.1]:46413 (errno: 97 - Address family not supported by protocol).
[W325 03:06:29.960511160 socket.cpp:764] [c10d] The client socket cannot be initialized to connect to [::ffff:127.0.0.1]:46413 (errno: 97 - Address family not supported by protocol).
[W325 03:06:29.208613251 socket.cpp:764] [c10d] The client socket cannot be initialized to connect to [::ffff:198.18.98.203]:42253 (errno: 97 - Address family not supported by protocol).
[W325 03:06:36.509423496 socket.cpp:764] [c10d] The client socket cannot be initialized to connect to [::ffff:198.18.98.203]:42253 (errno: 97 - Address family not supported by protocol).
[W325 03:06:38.586583479 socket.cpp:764] [c10d] The client socket cannot be initialized to connect to [::ffff:198.18.98.203]:42253 (errno: 97 - Address family not supported by protocol).
[W325 03:06:38.597273179 socket.cpp:764] [c10d] The client socket cannot be initialized to connect to [::ffff:198.18.98.203]:42253 (errno: 97 - Address family not supported by protocol).
[W325 03:06:38.602312096 socket.cpp:764] [c10d] The client socket cannot be initialized to connect to [::ffff:198.18.98.203]:42253 (errno: 97 - Address family not supported by protocol).
[W325 03:06:38.604981025 socket.cpp:764] [c10d] The client socket cannot be initialized to connect to [::ffff:198.18.98.203]:42253 (errno: 97 - Address family not supported by protocol).
[W325 03:06:38.611495030 socket.cpp:764] [c10d] The client socket cannot be initialized to connect to [::ffff:198.18.98.203]:42253 (errno: 97 - Address family not supported by protocol).
[W325 03:06:38.641966634 socket.cpp:764] [c10d] The client socket cannot be initialized to connect to [::ffff:198.18.98.203]:42253 (errno: 97 - Address family not supported by protocol).
[W325 03:06:38.647707297 socket.cpp:764] [c10d] The client socket cannot be initialized to connect to [::ffff:198.18.98.203]:42253 (errno: 97 - Address family not supported by protocol).
logs/21177c2f-7970-415e-a158-8feec151d808.txt
wandb: [wandb.login()] Loaded credentials for https://api.wandb.ai from WANDB_API_KEY.
wandb: Currently logged in as: gluon to https://api.wandb.ai. Use `wandb login --relogin` to force relogin
wandb: setting up run 2kyrifv2
wandb: Tracking run with wandb version 0.25.1
wandb: Run data is saved locally in /home1/irteam/work/home/izlley/my-parameter-golf/records/track_10min_16mb/2026-03-25_0800_14L_SharedFFN/wandb/run-20260325_030642-2kyrifv2
wandb: Run `wandb offline` to turn off syncing.
wandb: Syncing run 2026-03-25_0800_14L_SharedFFN_seed1337
wandb: ⭐️ View project at https://wandb.ai/gluon/parameter-golf
wandb: 🚀 View run at https://wandb.ai/gluon/parameter-golf/runs/2kyrifv2
val_bpb:enabled tokenizer_kind=sentencepiece tokenizer_path=/home1/irteam/work/home/izlley/my-parameter-golf/data/tokenizers/fineweb_1024_bpe.model
train_loader:dataset:fineweb10B_sp1024 train_shards:80
val_loader:shards pattern=/home1/irteam/work/home/izlley/my-parameter-golf/data/datasets/fineweb10B_sp1024/fineweb_val_*.bin tokens:62021632
model_params:15728756
mtp_num_heads:0 mtp_loss_weight:0.2 mtp_params:0
XSA:last_4 active_layers:[10, 11, 12, 13]
world_size:8 grad_accum_steps:1
sdp_backends:cudnn=False flash=True mem_efficient=False math=False
attention_backend:flash_attn_3
attention_mode:gqa num_heads:8 num_kv_heads:4
tie_embeddings:True embed_lr:0.035 head_lr:0.0 matrix_lr:0.025 scalar_lr:0.025
train_batch_tokens:786432 train_seq_len:2048 iterations:20000 warmup_steps:20 max_wallclock_seconds:600.000
seed:1337
warmup_step:1/20
warmup_step:2/20
warmup_step:3/20
warmup_step:4/20
warmup_step:5/20
warmup_step:6/20
warmup_step:7/20
warmup_step:8/20
warmup_step:9/20
warmup_step:10/20
warmup_step:11/20
warmup_step:12/20
warmup_step:13/20
warmup_step:14/20
warmup_step:15/20
warmup_step:16/20
warmup_step:17/20
warmup_step:18/20
warmup_step:19/20
warmup_step:20/20
step:0/20000 val_loss:6.9312 val_bpb:4.1050 train_time:0ms step_avg:0.01ms
step:1/20000 train_loss:6.9325 train_time:171ms step_avg:170.67ms
step:2/20000 train_loss:8.5684 train_time:276ms step_avg:137.76ms
step:3/20000 train_loss:7.9127 train_time:386ms step_avg:128.54ms
step:4/20000 train_loss:7.2008 train_time:495ms step_avg:123.84ms
step:5/20000 train_loss:6.9662 train_time:605ms step_avg:121.07ms
step:6/20000 train_loss:6.8510 train_time:715ms step_avg:119.25ms
step:7/20000 train_loss:6.7470 train_time:825ms step_avg:117.80ms
step:8/20000 train_loss:6.6318 train_time:935ms step_avg:116.84ms
step:9/20000 train_loss:6.3542 train_time:1048ms step_avg:116.48ms
step:10/20000 train_loss:6.0512 train_time:1166ms step_avg:116.63ms
step:500/20000 train_loss:2.4580 train_time:56532ms step_avg:113.06ms
step:500/20000 val_loss:2.4152 val_bpb:1.4304 train_time:56539ms step_avg:113.08ms
step:1000/20000 train_loss:2.3461 train_time:113640ms step_avg:113.64ms
step:1000/20000 val_loss:2.2954 val_bpb:1.3595 train_time:113646ms step_avg:113.65ms
step:1500/20000 train_loss:2.2984 train_time:170686ms step_avg:113.79ms
step:1500/20000 val_loss:2.2559 val_bpb:1.3361 train_time:170690ms step_avg:113.79ms
step:2000/20000 train_loss:2.1358 train_time:227772ms step_avg:113.89ms
step:2000/20000 val_loss:2.2028 val_bpb:1.3046 train_time:227777ms step_avg:113.89ms
step:2500/20000 train_loss:2.2254 train_time:284894ms step_avg:113.96ms
step:2500/20000 val_loss:2.1697 val_bpb:1.2850 train_time:284899ms step_avg:113.96ms
step:3000/20000 train_loss:2.2152 train_time:341977ms step_avg:113.99ms
step:3000/20000 val_loss:2.1454 val_bpb:1.2706 train_time:341982ms step_avg:113.99ms
step:3500/20000 train_loss:2.2177 train_time:399044ms step_avg:114.01ms
step:3500/20000 val_loss:2.1246 val_bpb:1.2583 train_time:399050ms step_avg:114.01ms
step:4000/20000 train_loss:2.0119 train_time:456112ms step_avg:114.03ms
step:4000/20000 val_loss:2.1027 val_bpb:1.2453 train_time:456117ms step_avg:114.03ms
step:4500/20000 train_loss:2.1591 train_time:513165ms step_avg:114.04ms
step:4500/20000 val_loss:2.0775 val_bpb:1.2304 train_time:513171ms step_avg:114.04ms
swa:start step:4600
late_qat:enabled step:4736 scale:0.1499
step:5000/20000 train_loss:2.1364 train_time:570328ms step_avg:114.07ms
step:5000/20000 val_loss:2.0506 val_bpb:1.2145 train_time:570347ms step_avg:114.07ms
step:5259/20000 val_loss:2.0410 val_bpb:1.2088 train_time:600004ms step_avg:114.09ms
stopping_early: wallclock_cap train_time:600004ms step:5259/20000
peak memory allocated: 25686 MiB reserved: 26078 MiB
ema:applying EMA weights
DIAGNOSTIC post_ema val_loss:2.0400 val_bpb:1.2082 eval_time:2636ms
Serialized model: 60071701 bytes
Code size: 71111 bytes
Serialized model int6+zstd: 9734065 bytes
Total submission size int6+zstd: 9805176 bytes
Total submission size int8+zlib: 9805176 bytes
final_int6_roundtrip val_loss:2.0644 val_bpb:1.2226 eval_time:38688ms
final_int6_roundtrip_exact val_loss:2.06436867 val_bpb:1.22263540
final_int6_sliding_window val_loss:2.0227 val_bpb:1.1980 stride:64 eval_time:115583ms
final_int6_sliding_window_exact val_loss:2.02270395 val_bpb:1.19796238
final_int8_zlib_roundtrip_exact val_loss:2.02270395 val_bpb:1.19796238
[1;34mwandb[0m: 
[1;34mwandb[0m: 🚀 View run [33m2026-03-25_0800_14L_SharedFFN_seed1337[0m at: [34mhttps://wandb.ai/gluon/parameter-golf/runs/2kyrifv2[0m
[1;34mwandb[0m: Find logs at: [1;35mwandb/run-20260325_030642-2kyrifv2/logs[0m
