W0327 00:38:13.479000 1538317 torch/distributed/run.py:851] 
W0327 00:38:13.479000 1538317 torch/distributed/run.py:851] *****************************************
W0327 00:38:13.479000 1538317 torch/distributed/run.py:851] Setting OMP_NUM_THREADS environment variable for each process to be 1 in default, to avoid your system being overloaded, please further tune the variable for optimal performance in your application as needed. 
W0327 00:38:13.479000 1538317 torch/distributed/run.py:851] *****************************************
[W327 00:38:16.369715199 socket.cpp:764] [c10d] The client socket cannot be initialized to connect to [localhost]:34369 (errno: 97 - Address family not supported by protocol).
[W327 00:38:16.374080911 socket.cpp:764] [c10d] The client socket cannot be initialized to connect to [::ffff:127.0.0.1]:34369 (errno: 97 - Address family not supported by protocol).
[W327 00:38:16.377060556 socket.cpp:764] [c10d] The client socket cannot be initialized to connect to [::ffff:127.0.0.1]:34369 (errno: 97 - Address family not supported by protocol).
[W327 00:38:16.644299507 socket.cpp:764] [c10d] The client socket cannot be initialized to connect to [::ffff:198.18.98.203]:40381 (errno: 97 - Address family not supported by protocol).
[W327 00:38:23.547914536 socket.cpp:764] [c10d] The client socket cannot be initialized to connect to [::ffff:198.18.98.203]:40381 (errno: 97 - Address family not supported by protocol).
[W327 00:38:23.005897581 socket.cpp:764] [c10d] The client socket cannot be initialized to connect to [::ffff:198.18.98.203]:40381 (errno: 97 - Address family not supported by protocol).
[W327 00:38:23.043317060 socket.cpp:764] [c10d] The client socket cannot be initialized to connect to [::ffff:198.18.98.203]:40381 (errno: 97 - Address family not supported by protocol).
[W327 00:38:23.095202054 socket.cpp:764] [c10d] The client socket cannot be initialized to connect to [::ffff:198.18.98.203]:40381 (errno: 97 - Address family not supported by protocol).
[W327 00:38:23.099025461 socket.cpp:764] [c10d] The client socket cannot be initialized to connect to [::ffff:198.18.98.203]:40381 (errno: 97 - Address family not supported by protocol).
[W327 00:38:23.100973839 socket.cpp:764] [c10d] The client socket cannot be initialized to connect to [::ffff:198.18.98.203]:40381 (errno: 97 - Address family not supported by protocol).
[W327 00:38:23.101514927 socket.cpp:764] [c10d] The client socket cannot be initialized to connect to [::ffff:198.18.98.203]:40381 (errno: 97 - Address family not supported by protocol).
[W327 00:38:23.102499837 socket.cpp:764] [c10d] The client socket cannot be initialized to connect to [::ffff:198.18.98.203]:40381 (errno: 97 - Address family not supported by protocol).
logs/fb53e5d7-3d4c-48f3-885e-6cabe9454d3c.txt
wandb: [wandb.login()] Loaded credentials for https://api.wandb.ai from WANDB_API_KEY.
wandb: Currently logged in as: gluon to https://api.wandb.ai. Use `wandb login --relogin` to force relogin
wandb: setting up run ezqok9cn
wandb: Tracking run with wandb version 0.25.1
wandb: Run data is saved locally in /home1/irteam/work/home/izlley/my-parameter-golf/records/track_10min_16mb/2026-03-27_0000_11L_WSD_Schedule/wandb/run-20260327_003827-ezqok9cn
wandb: Run `wandb offline` to turn off syncing.
wandb: Syncing run 2026-03-27_0000_11L_WSD_Schedule_seed1337
wandb: ⭐️ View project at https://wandb.ai/gluon/parameter-golf
wandb: 🚀 View run at https://wandb.ai/gluon/parameter-golf/runs/ezqok9cn
val_bpb:enabled tokenizer_kind=sentencepiece tokenizer_path=/home1/irteam/work/home/izlley/my-parameter-golf/data/tokenizers/fineweb_1024_bpe.model
train_loader:dataset:fineweb10B_sp1024 train_shards:80
val_loader:shards pattern=/home1/irteam/work/home/izlley/my-parameter-golf/data/datasets/fineweb10B_sp1024/fineweb_val_*.bin tokens:62021632
model_params:27825332
mtp_num_heads:0 mtp_loss_weight:0.2 mtp_params:0
XSA:last_4 active_layers:[7, 8, 9, 10]
world_size:8 grad_accum_steps:1
sdp_backends:cudnn=False flash=True mem_efficient=False math=False
attention_backend:flash_attn_3
attention_mode:gqa num_heads:8 num_kv_heads:4 gated_attention:True
tie_embeddings:True embed_lr:0.035 head_lr:0.0 matrix_lr:0.025 scalar_lr:0.025
train_batch_tokens:786432 train_seq_len:2048 iterations:20000 warmup_steps:20 max_wallclock_seconds:600.000
seed:1337
warmup_step:1/20
warmup_step:2/20
warmup_step:3/20
warmup_step:4/20
warmup_step:5/20
warmup_step:6/20
warmup_step:7/20
warmup_step:8/20
warmup_step:9/20
warmup_step:10/20
warmup_step:11/20
warmup_step:12/20
warmup_step:13/20
warmup_step:14/20
warmup_step:15/20
warmup_step:16/20
warmup_step:17/20
warmup_step:18/20
warmup_step:19/20
warmup_step:20/20
step:0/20000 val_loss:6.9286 val_bpb:4.1035 train_time:0ms step_avg:0.01ms
step:1/20000 train_loss:6.9307 train_time:155ms step_avg:155.23ms
step:2/20000 train_loss:8.5900 train_time:243ms step_avg:121.54ms
step:3/20000 train_loss:7.8672 train_time:334ms step_avg:111.40ms
step:4/20000 train_loss:7.3306 train_time:426ms step_avg:106.47ms
step:5/20000 train_loss:7.0711 train_time:518ms step_avg:103.55ms
step:6/20000 train_loss:6.8904 train_time:610ms step_avg:101.63ms
step:7/20000 train_loss:6.7978 train_time:701ms step_avg:100.18ms
step:8/20000 train_loss:6.7172 train_time:794ms step_avg:99.22ms
step:9/20000 train_loss:6.3894 train_time:886ms step_avg:98.39ms
step:10/20000 train_loss:6.0412 train_time:978ms step_avg:97.76ms
step:500/20000 train_loss:2.3546 train_time:46995ms step_avg:93.99ms
step:500/20000 val_loss:2.3110 val_bpb:1.3687 train_time:46999ms step_avg:94.00ms
step:1000/20000 train_loss:2.2449 train_time:94517ms step_avg:94.52ms
step:1000/20000 val_loss:2.1963 val_bpb:1.3008 train_time:94521ms step_avg:94.52ms
step:1500/20000 train_loss:2.1945 train_time:142085ms step_avg:94.72ms
step:1500/20000 val_loss:2.1581 val_bpb:1.2782 train_time:142089ms step_avg:94.73ms
step:2000/20000 train_loss:2.0409 train_time:189650ms step_avg:94.83ms
step:2000/20000 val_loss:2.1058 val_bpb:1.2472 train_time:189656ms step_avg:94.83ms
step:2500/20000 train_loss:2.1489 train_time:237210ms step_avg:94.88ms
step:2500/20000 val_loss:2.0830 val_bpb:1.2337 train_time:237215ms step_avg:94.89ms
step:3000/20000 train_loss:2.1402 train_time:284781ms step_avg:94.93ms
step:3000/20000 val_loss:2.0698 val_bpb:1.2259 train_time:284785ms step_avg:94.93ms
step:3500/20000 train_loss:2.1583 train_time:332333ms step_avg:94.95ms
step:3500/20000 val_loss:2.0631 val_bpb:1.2219 train_time:332338ms step_avg:94.95ms
step:4000/20000 train_loss:1.9639 train_time:379838ms step_avg:94.96ms
step:4000/20000 val_loss:2.0586 val_bpb:1.2192 train_time:379843ms step_avg:94.96ms
step:4500/20000 train_loss:2.1215 train_time:427285ms step_avg:94.95ms
step:4500/20000 val_loss:2.0425 val_bpb:1.2097 train_time:427290ms step_avg:94.95ms
step:5000/20000 train_loss:2.0949 train_time:474718ms step_avg:94.94ms
step:5000/20000 val_loss:2.0137 val_bpb:1.1926 train_time:474722ms step_avg:94.94ms
step:5500/20000 train_loss:1.9953 train_time:522126ms step_avg:94.93ms
step:5500/20000 val_loss:1.9814 val_bpb:1.1735 train_time:522131ms step_avg:94.93ms
swa:start step:5950
step:6000/20000 train_loss:1.9080 train_time:569619ms step_avg:94.94ms
step:6000/20000 val_loss:1.9455 val_bpb:1.1522 train_time:569648ms step_avg:94.94ms
late_qat:enabled step:6020 scale:0.1499
step:6320/20000 val_loss:1.9259 val_bpb:1.1407 train_time:600060ms step_avg:94.95ms
stopping_early: wallclock_cap train_time:600060ms step:6320/20000
peak memory allocated: 21565 MiB reserved: 21910 MiB
ema:applying EMA weights
DIAGNOSTIC post_ema val_loss:1.9242 val_bpb:1.1396 eval_time:2168ms
Serialized model: 107848629 bytes
Code size: 70385 bytes
Serialized model int6+zstd: 17084085 bytes
Total submission size int6+zstd: 17154470 bytes
Total submission size int8+zlib: 17154470 bytes
final_int6_roundtrip val_loss:1.9331 val_bpb:1.1449 eval_time:6485ms
final_int6_roundtrip_exact val_loss:1.93307486 val_bpb:1.14487582
final_int6_sliding_window val_loss:1.8932 val_bpb:1.1213 stride:64 eval_time:78819ms
final_int6_sliding_window_exact val_loss:1.89321962 val_bpb:1.12127427
final_int8_zlib_roundtrip_exact val_loss:1.89321962 val_bpb:1.12127427
[1;34mwandb[0m: 
[1;34mwandb[0m: 🚀 View run [33m2026-03-27_0000_11L_WSD_Schedule_seed1337[0m at: [34mhttps://wandb.ai/gluon/parameter-golf/runs/ezqok9cn[0m
[1;34mwandb[0m: Find logs at: [1;35mwandb/run-20260327_003827-ezqok9cn/logs[0m
