W0327 14:38:33.481000 1614809 torch/distributed/run.py:851] 
W0327 14:38:33.481000 1614809 torch/distributed/run.py:851] *****************************************
W0327 14:38:33.481000 1614809 torch/distributed/run.py:851] Setting OMP_NUM_THREADS environment variable for each process to be 1 in default, to avoid your system being overloaded, please further tune the variable for optimal performance in your application as needed. 
W0327 14:38:33.481000 1614809 torch/distributed/run.py:851] *****************************************
[W327 14:38:36.368558080 socket.cpp:764] [c10d] The client socket cannot be initialized to connect to [localhost]:41399 (errno: 97 - Address family not supported by protocol).
[W327 14:38:36.375822293 socket.cpp:764] [c10d] The client socket cannot be initialized to connect to [::ffff:127.0.0.1]:41399 (errno: 97 - Address family not supported by protocol).
[W327 14:38:36.378675405 socket.cpp:764] [c10d] The client socket cannot be initialized to connect to [::ffff:127.0.0.1]:41399 (errno: 97 - Address family not supported by protocol).
[W327 14:38:36.670784591 socket.cpp:764] [c10d] The client socket cannot be initialized to connect to [::ffff:198.18.98.203]:42275 (errno: 97 - Address family not supported by protocol).
[W327 14:38:43.797845322 socket.cpp:764] [c10d] The client socket cannot be initialized to connect to [::ffff:198.18.98.203]:42275 (errno: 97 - Address family not supported by protocol).
[W327 14:38:43.043036649 socket.cpp:764] [c10d] The client socket cannot be initialized to connect to [::ffff:198.18.98.203]:42275 (errno: 97 - Address family not supported by protocol).
[W327 14:38:43.044420405 socket.cpp:764] [c10d] The client socket cannot be initialized to connect to [::ffff:198.18.98.203]:42275 (errno: 97 - Address family not supported by protocol).
[W327 14:38:43.084646808 socket.cpp:764] [c10d] The client socket cannot be initialized to connect to [::ffff:198.18.98.203]:42275 (errno: 97 - Address family not supported by protocol).
[W327 14:38:43.089349201 socket.cpp:764] [c10d] The client socket cannot be initialized to connect to [::ffff:198.18.98.203]:42275 (errno: 97 - Address family not supported by protocol).
[W327 14:38:43.091976495 socket.cpp:764] [c10d] The client socket cannot be initialized to connect to [::ffff:198.18.98.203]:42275 (errno: 97 - Address family not supported by protocol).
[W327 14:38:43.095577617 socket.cpp:764] [c10d] The client socket cannot be initialized to connect to [::ffff:198.18.98.203]:42275 (errno: 97 - Address family not supported by protocol).
[W327 14:38:43.099666114 socket.cpp:764] [c10d] The client socket cannot be initialized to connect to [::ffff:198.18.98.203]:42275 (errno: 97 - Address family not supported by protocol).
logs/e9bb63e6-7a05-4b48-b9d7-43527e9d92bb.txt
wandb: [wandb.login()] Loaded credentials for https://api.wandb.ai from WANDB_API_KEY.
wandb: Currently logged in as: gluon to https://api.wandb.ai. Use `wandb login --relogin` to force relogin
wandb: setting up run x8z8a434
wandb: Tracking run with wandb version 0.25.1
wandb: Run data is saved locally in /home1/irteam/work/home/izlley/my-parameter-golf/records/track_10min_16mb/2026-03-27_1300_11L_GLA_SharedMLP/wandb/run-20260327_143847-x8z8a434
wandb: Run `wandb offline` to turn off syncing.
wandb: Syncing run 2026-03-27_1300_11L_GLA_SharedMLP_seed1337
wandb: ⭐️ View project at https://wandb.ai/gluon/parameter-golf
wandb: 🚀 View run at https://wandb.ai/gluon/parameter-golf/runs/x8z8a434
val_bpb:enabled tokenizer_kind=sentencepiece tokenizer_path=/home1/irteam/work/home/izlley/my-parameter-golf/data/tokenizers/fineweb_1024_bpe.model
train_loader:dataset:fineweb10B_sp1024 train_shards:80
val_loader:shards pattern=/home1/irteam/work/home/izlley/my-parameter-golf/data/datasets/fineweb10B_sp1024/fineweb_val_*.bin tokens:62021632
model_params:26519732
mtp_num_heads:0 mtp_loss_weight:0.2 mtp_params:0
XSA:last_4 active_layers:[7, 8, 9]
world_size:8 grad_accum_steps:1
sdp_backends:cudnn=False flash=True mem_efficient=False math=False
attention_backend:flash_attn_3
attention_mode:gqa num_heads:8 num_kv_heads:4 gated_attention:True
tie_embeddings:True embed_lr:0.035 head_lr:0.0 matrix_lr:0.025 scalar_lr:0.025
train_batch_tokens:786432 train_seq_len:2048 iterations:20000 warmup_steps:20 max_wallclock_seconds:600.000
seed:1337
/home1/irteam/work/home/izlley/my-parameter-golf/.venv/lib/python3.11/site-packages/torch/_dynamo/utils.py:3895: UserWarning: Mismatch dtype between input and weight: input dtype = c10::BFloat16, weight dtype = float, Cannot dispatch to fused implementation. (Triggered internally at /pytorch/aten/src/ATen/native/layer_norm.cpp:344.)
  return node.target(*args, **kwargs)  # type: ignore[operator]
/home1/irteam/work/home/izlley/my-parameter-golf/.venv/lib/python3.11/site-packages/torch/_dynamo/utils.py:3895: UserWarning: Mismatch dtype between input and weight: input dtype = c10::BFloat16, weight dtype = float, Cannot dispatch to fused implementation. (Triggered internally at /pytorch/aten/src/ATen/native/layer_norm.cpp:344.)
  return node.target(*args, **kwargs)  # type: ignore[operator]
/home1/irteam/work/home/izlley/my-parameter-golf/.venv/lib/python3.11/site-packages/torch/_dynamo/utils.py:3895: UserWarning: Mismatch dtype between input and weight: input dtype = c10::BFloat16, weight dtype = float, Cannot dispatch to fused implementation. (Triggered internally at /pytorch/aten/src/ATen/native/layer_norm.cpp:344.)
  return node.target(*args, **kwargs)  # type: ignore[operator]
/home1/irteam/work/home/izlley/my-parameter-golf/.venv/lib/python3.11/site-packages/torch/_dynamo/utils.py:3895: UserWarning: Mismatch dtype between input and weight: input dtype = c10::BFloat16, weight dtype = float, Cannot dispatch to fused implementation. (Triggered internally at /pytorch/aten/src/ATen/native/layer_norm.cpp:344.)
  return node.target(*args, **kwargs)  # type: ignore[operator]
/home1/irteam/work/home/izlley/my-parameter-golf/.venv/lib/python3.11/site-packages/torch/_dynamo/utils.py:3895: UserWarning: Mismatch dtype between input and weight: input dtype = c10::BFloat16, weight dtype = float, Cannot dispatch to fused implementation. (Triggered internally at /pytorch/aten/src/ATen/native/layer_norm.cpp:344.)
  return node.target(*args, **kwargs)  # type: ignore[operator]
/home1/irteam/work/home/izlley/my-parameter-golf/.venv/lib/python3.11/site-packages/torch/_dynamo/utils.py:3895: UserWarning: Mismatch dtype between input and weight: input dtype = c10::BFloat16, weight dtype = float, Cannot dispatch to fused implementation. (Triggered internally at /pytorch/aten/src/ATen/native/layer_norm.cpp:344.)
  return node.target(*args, **kwargs)  # type: ignore[operator]
/home1/irteam/work/home/izlley/my-parameter-golf/.venv/lib/python3.11/site-packages/torch/_dynamo/utils.py:3895: UserWarning: Mismatch dtype between input and weight: input dtype = c10::BFloat16, weight dtype = float, Cannot dispatch to fused implementation. (Triggered internally at /pytorch/aten/src/ATen/native/layer_norm.cpp:344.)
  return node.target(*args, **kwargs)  # type: ignore[operator]
/home1/irteam/work/home/izlley/my-parameter-golf/.venv/lib/python3.11/site-packages/torch/_dynamo/utils.py:3895: UserWarning: Mismatch dtype between input and weight: input dtype = c10::BFloat16, weight dtype = float, Cannot dispatch to fused implementation. (Triggered internally at /pytorch/aten/src/ATen/native/layer_norm.cpp:344.)
  return node.target(*args, **kwargs)  # type: ignore[operator]
warmup_step:1/20
warmup_step:2/20
warmup_step:3/20
warmup_step:4/20
warmup_step:5/20
warmup_step:6/20
warmup_step:7/20
warmup_step:8/20
warmup_step:9/20
warmup_step:10/20
warmup_step:11/20
warmup_step:12/20
warmup_step:13/20
warmup_step:14/20
warmup_step:15/20
warmup_step:16/20
warmup_step:17/20
warmup_step:18/20
warmup_step:19/20
warmup_step:20/20
step:0/20000 val_loss:6.9296 val_bpb:4.1041 train_time:0ms step_avg:0.01ms
step:1/20000 train_loss:6.9310 train_time:113ms step_avg:113.17ms
step:2/20000 train_loss:8.5597 train_time:202ms step_avg:101.02ms
step:3/20000 train_loss:7.6204 train_time:292ms step_avg:97.43ms
step:4/20000 train_loss:7.6873 train_time:384ms step_avg:95.98ms
step:5/20000 train_loss:7.3479 train_time:476ms step_avg:95.12ms
step:6/20000 train_loss:7.0391 train_time:567ms step_avg:94.58ms
step:7/20000 train_loss:6.9419 train_time:659ms step_avg:94.21ms
step:8/20000 train_loss:7.0364 train_time:752ms step_avg:93.95ms
step:9/20000 train_loss:6.7111 train_time:844ms step_avg:93.80ms
step:10/20000 train_loss:6.3598 train_time:936ms step_avg:93.59ms
step:500/20000 train_loss:nan train_time:44243ms step_avg:88.49ms
step:500/20000 val_loss:nan val_bpb:nan train_time:44251ms step_avg:88.50ms
step:1000/20000 train_loss:nan train_time:87994ms step_avg:87.99ms
step:1000/20000 val_loss:nan val_bpb:nan train_time:87998ms step_avg:88.00ms
step:1500/20000 train_loss:nan train_time:131634ms step_avg:87.76ms
step:1500/20000 val_loss:nan val_bpb:nan train_time:131638ms step_avg:87.76ms
