W0327 00:24:53.869000 1536720 torch/distributed/run.py:851] 
W0327 00:24:53.869000 1536720 torch/distributed/run.py:851] *****************************************
W0327 00:24:53.869000 1536720 torch/distributed/run.py:851] Setting OMP_NUM_THREADS environment variable for each process to be 1 in default, to avoid your system being overloaded, please further tune the variable for optimal performance in your application as needed. 
W0327 00:24:53.869000 1536720 torch/distributed/run.py:851] *****************************************
[W327 00:24:56.768802686 socket.cpp:764] [c10d] The client socket cannot be initialized to connect to [localhost]:42409 (errno: 97 - Address family not supported by protocol).
[W327 00:24:56.775505234 socket.cpp:764] [c10d] The client socket cannot be initialized to connect to [::ffff:127.0.0.1]:42409 (errno: 97 - Address family not supported by protocol).
[W327 00:24:56.778973476 socket.cpp:764] [c10d] The client socket cannot be initialized to connect to [::ffff:127.0.0.1]:42409 (errno: 97 - Address family not supported by protocol).
[W327 00:24:56.052951361 socket.cpp:764] [c10d] The client socket cannot be initialized to connect to [::ffff:198.18.98.203]:43993 (errno: 97 - Address family not supported by protocol).
[W327 00:25:04.368671252 socket.cpp:764] [c10d] The client socket cannot be initialized to connect to [::ffff:198.18.98.203]:43993 (errno: 97 - Address family not supported by protocol).
[W327 00:25:04.465616078 socket.cpp:764] [c10d] The client socket cannot be initialized to connect to [::ffff:198.18.98.203]:43993 (errno: 97 - Address family not supported by protocol).
[W327 00:25:04.572611518 socket.cpp:764] [c10d] The client socket cannot be initialized to connect to [::ffff:198.18.98.203]:43993 (errno: 97 - Address family not supported by protocol).
[W327 00:25:04.573121303 socket.cpp:764] [c10d] The client socket cannot be initialized to connect to [::ffff:198.18.98.203]:43993 (errno: 97 - Address family not supported by protocol).
[W327 00:25:04.599842792 socket.cpp:764] [c10d] The client socket cannot be initialized to connect to [::ffff:198.18.98.203]:43993 (errno: 97 - Address family not supported by protocol).
[W327 00:25:04.603607527 socket.cpp:764] [c10d] The client socket cannot be initialized to connect to [::ffff:198.18.98.203]:43993 (errno: 97 - Address family not supported by protocol).
[W327 00:25:04.610320037 socket.cpp:764] [c10d] The client socket cannot be initialized to connect to [::ffff:198.18.98.203]:43993 (errno: 97 - Address family not supported by protocol).
[W327 00:25:04.615020001 socket.cpp:764] [c10d] The client socket cannot be initialized to connect to [::ffff:198.18.98.203]:43993 (errno: 97 - Address family not supported by protocol).
logs/82f57782-5b6d-4e84-b466-23389702bf73.txt
wandb: [wandb.login()] Loaded credentials for https://api.wandb.ai from WANDB_API_KEY.
wandb: Currently logged in as: gluon to https://api.wandb.ai. Use `wandb login --relogin` to force relogin
wandb: setting up run t5ygij6z
wandb: Tracking run with wandb version 0.25.1
wandb: Run data is saved locally in /home1/irteam/work/home/izlley/my-parameter-golf/records/track_10min_16mb/2026-03-26_2300_11L_NorMuon/wandb/run-20260327_002508-t5ygij6z
wandb: Run `wandb offline` to turn off syncing.
wandb: Syncing run 2026-03-26_2300_11L_NorMuon_seed1337
wandb: ⭐️ View project at https://wandb.ai/gluon/parameter-golf
wandb: 🚀 View run at https://wandb.ai/gluon/parameter-golf/runs/t5ygij6z
val_bpb:enabled tokenizer_kind=sentencepiece tokenizer_path=/home1/irteam/work/home/izlley/my-parameter-golf/data/tokenizers/fineweb_1024_bpe.model
train_loader:dataset:fineweb10B_sp1024 train_shards:80
val_loader:shards pattern=/home1/irteam/work/home/izlley/my-parameter-golf/data/datasets/fineweb10B_sp1024/fineweb_val_*.bin tokens:62021632
model_params:27825332
mtp_num_heads:0 mtp_loss_weight:0.2 mtp_params:0
XSA:last_4 active_layers:[7, 8, 9, 10]
world_size:8 grad_accum_steps:1
sdp_backends:cudnn=False flash=True mem_efficient=False math=False
attention_backend:flash_attn_3
attention_mode:gqa num_heads:8 num_kv_heads:4 gated_attention:True
tie_embeddings:True embed_lr:0.035 head_lr:0.0 matrix_lr:0.025 scalar_lr:0.025
train_batch_tokens:786432 train_seq_len:2048 iterations:20000 warmup_steps:20 max_wallclock_seconds:600.000
seed:1337
warmup_step:1/20
warmup_step:2/20
warmup_step:3/20
warmup_step:4/20
warmup_step:5/20
warmup_step:6/20
warmup_step:7/20
warmup_step:8/20
warmup_step:9/20
warmup_step:10/20
warmup_step:11/20
warmup_step:12/20
warmup_step:13/20
warmup_step:14/20
warmup_step:15/20
warmup_step:16/20
warmup_step:17/20
warmup_step:18/20
warmup_step:19/20
warmup_step:20/20
step:0/20000 val_loss:6.9286 val_bpb:4.1035 train_time:0ms step_avg:0.01ms
step:1/20000 train_loss:6.9307 train_time:110ms step_avg:109.93ms
step:2/20000 train_loss:8.5305 train_time:198ms step_avg:98.88ms
step:3/20000 train_loss:7.6455 train_time:289ms step_avg:96.25ms
step:4/20000 train_loss:7.6842 train_time:380ms step_avg:94.97ms
step:5/20000 train_loss:7.4930 train_time:472ms step_avg:94.41ms
step:6/20000 train_loss:7.1291 train_time:563ms step_avg:93.85ms
step:7/20000 train_loss:7.0550 train_time:654ms step_avg:93.50ms
step:8/20000 train_loss:7.0787 train_time:746ms step_avg:93.21ms
step:9/20000 train_loss:6.7177 train_time:838ms step_avg:93.07ms
step:10/20000 train_loss:6.2696 train_time:930ms step_avg:93.00ms
step:500/20000 train_loss:2.3358 train_time:46930ms step_avg:93.86ms
step:500/20000 val_loss:2.2926 val_bpb:1.3578 train_time:46935ms step_avg:93.87ms
step:1000/20000 train_loss:2.2338 train_time:94410ms step_avg:94.41ms
step:1000/20000 val_loss:2.1865 val_bpb:1.2950 train_time:94415ms step_avg:94.41ms
step:1500/20000 train_loss:2.1887 train_time:141965ms step_avg:94.64ms
step:1500/20000 val_loss:2.1504 val_bpb:1.2736 train_time:141970ms step_avg:94.65ms
step:2000/20000 train_loss:2.0367 train_time:189513ms step_avg:94.76ms
step:2000/20000 val_loss:2.1023 val_bpb:1.2451 train_time:189518ms step_avg:94.76ms
step:2500/20000 train_loss:2.1459 train_time:237039ms step_avg:94.82ms
step:2500/20000 val_loss:2.0794 val_bpb:1.2315 train_time:237044ms step_avg:94.82ms
step:3000/20000 train_loss:2.1386 train_time:284532ms step_avg:94.84ms
step:3000/20000 val_loss:2.0642 val_bpb:1.2225 train_time:284537ms step_avg:94.85ms
step:3500/20000 train_loss:2.1435 train_time:332018ms step_avg:94.86ms
step:3500/20000 val_loss:2.0439 val_bpb:1.2105 train_time:332022ms step_avg:94.86ms
step:4000/20000 train_loss:1.9327 train_time:379568ms step_avg:94.89ms
step:4000/20000 val_loss:2.0247 val_bpb:1.1992 train_time:379572ms step_avg:94.89ms
step:4500/20000 train_loss:2.0827 train_time:427045ms step_avg:94.90ms
step:4500/20000 val_loss:2.0032 val_bpb:1.1864 train_time:427050ms step_avg:94.90ms
step:5000/20000 train_loss:2.0589 train_time:474554ms step_avg:94.91ms
step:5000/20000 val_loss:1.9813 val_bpb:1.1735 train_time:474559ms step_avg:94.91ms
step:5500/20000 train_loss:1.9727 train_time:522171ms step_avg:94.94ms
step:5500/20000 val_loss:1.9569 val_bpb:1.1590 train_time:522175ms step_avg:94.94ms
swa:start step:5650
late_qat:enabled step:5794 scale:0.1498
step:6000/20000 train_loss:1.8946 train_time:569944ms step_avg:94.99ms
step:6000/20000 val_loss:1.9311 val_bpb:1.1437 train_time:569970ms step_avg:94.99ms
step:6315/20000 val_loss:1.9186 val_bpb:1.1363 train_time:600000ms step_avg:95.01ms
stopping_early: wallclock_cap train_time:600000ms step:6315/20000
peak memory allocated: 21565 MiB reserved: 21910 MiB
ema:applying EMA weights
DIAGNOSTIC post_ema val_loss:1.9170 val_bpb:1.1353 eval_time:2163ms
Serialized model: 107848629 bytes
Code size: 70209 bytes
Serialized model int6+zstd: 17088570 bytes
Total submission size int6+zstd: 17158779 bytes
Total submission size int8+zlib: 17158779 bytes
final_int6_roundtrip val_loss:1.9279 val_bpb:1.1418 eval_time:6417ms
final_int6_roundtrip_exact val_loss:1.92789022 val_bpb:1.14180518
final_int6_sliding_window val_loss:1.8882 val_bpb:1.1183 stride:64 eval_time:78817ms
final_int6_sliding_window_exact val_loss:1.88821137 val_bpb:1.11830809
final_int8_zlib_roundtrip_exact val_loss:1.88821137 val_bpb:1.11830809
[1;34mwandb[0m: 
[1;34mwandb[0m: 🚀 View run [33m2026-03-26_2300_11L_NorMuon_seed1337[0m at: [34mhttps://wandb.ai/gluon/parameter-golf/runs/t5ygij6z[0m
[1;34mwandb[0m: Find logs at: [1;35mwandb/run-20260327_002508-t5ygij6z/logs[0m
