W0325 07:47:25.130000 742632 torch/distributed/run.py:851] 
W0325 07:47:25.130000 742632 torch/distributed/run.py:851] *****************************************
W0325 07:47:25.130000 742632 torch/distributed/run.py:851] Setting OMP_NUM_THREADS environment variable for each process to be 1 in default, to avoid your system being overloaded, please further tune the variable for optimal performance in your application as needed. 
W0325 07:47:25.130000 742632 torch/distributed/run.py:851] *****************************************
[W325 07:47:29.723849967 socket.cpp:764] [c10d] The client socket cannot be initialized to connect to [localhost]:35753 (errno: 97 - Address family not supported by protocol).
[W325 07:47:29.730423759 socket.cpp:764] [c10d] The client socket cannot be initialized to connect to [::ffff:127.0.0.1]:35753 (errno: 97 - Address family not supported by protocol).
[W325 07:47:29.733415304 socket.cpp:764] [c10d] The client socket cannot be initialized to connect to [::ffff:127.0.0.1]:35753 (errno: 97 - Address family not supported by protocol).
[W325 07:47:29.031504318 socket.cpp:764] [c10d] The client socket cannot be initialized to connect to [::ffff:198.18.98.203]:35047 (errno: 97 - Address family not supported by protocol).
[W325 07:47:38.012477937 socket.cpp:764] [c10d] The client socket cannot be initialized to connect to [::ffff:198.18.98.203]:35047 (errno: 97 - Address family not supported by protocol).
[W325 07:47:39.865304681 socket.cpp:764] [c10d] The client socket cannot be initialized to connect to [::ffff:198.18.98.203]:35047 (errno: 97 - Address family not supported by protocol).
[W325 07:47:40.482014865 socket.cpp:764] [c10d] The client socket cannot be initialized to connect to [::ffff:198.18.98.203]:35047 (errno: 97 - Address family not supported by protocol).
[W325 07:47:40.521528285 socket.cpp:764] [c10d] The client socket cannot be initialized to connect to [::ffff:198.18.98.203]:35047 (errno: 97 - Address family not supported by protocol).
[W325 07:47:40.527791311 socket.cpp:764] [c10d] The client socket cannot be initialized to connect to [::ffff:198.18.98.203]:35047 (errno: 97 - Address family not supported by protocol).
[W325 07:47:40.538221074 socket.cpp:764] [c10d] The client socket cannot be initialized to connect to [::ffff:198.18.98.203]:35047 (errno: 97 - Address family not supported by protocol).
[W325 07:47:40.568331906 socket.cpp:764] [c10d] The client socket cannot be initialized to connect to [::ffff:198.18.98.203]:35047 (errno: 97 - Address family not supported by protocol).
[W325 07:47:40.667092282 socket.cpp:764] [c10d] The client socket cannot be initialized to connect to [::ffff:198.18.98.203]:35047 (errno: 97 - Address family not supported by protocol).
logs/2e321ae3-3c71-4e1d-a470-1ed7054580bb.txt
wandb: [wandb.login()] Loaded credentials for https://api.wandb.ai from WANDB_API_KEY.
wandb: Currently logged in as: gluon to https://api.wandb.ai. Use `wandb login --relogin` to force relogin
wandb: Tracking run with wandb version 0.25.1
wandb: Run data is saved locally in /home1/irteam/work/home/izlley/my-parameter-golf/records/track_10min_16mb/2026-03-25_1100_13L_StructuredPruning/wandb/run-20260325_074744-wwy33g6p
wandb: Run `wandb offline` to turn off syncing.
wandb: Syncing run 2026-03-25_1100_13L_StructuredPruning_seed1337
wandb: ⭐️ View project at https://wandb.ai/gluon/parameter-golf
wandb: 🚀 View run at https://wandb.ai/gluon/parameter-golf/runs/wwy33g6p
val_bpb:enabled tokenizer_kind=sentencepiece tokenizer_path=/home1/irteam/work/home/izlley/my-parameter-golf/data/tokenizers/fineweb_1024_bpe.model
train_loader:dataset:fineweb10B_sp1024 train_shards:80
val_loader:shards pattern=/home1/irteam/work/home/izlley/my-parameter-golf/data/datasets/fineweb10B_sp1024/fineweb_val_*.bin tokens:62021632
model_params:32241260
mtp_num_heads:0 mtp_loss_weight:0.2 mtp_params:0
XSA:last_4 active_layers:[9, 10, 11, 12]
world_size:8 grad_accum_steps:1
sdp_backends:cudnn=False flash=True mem_efficient=False math=False
attention_backend:flash_attn_3
attention_mode:gqa num_heads:8 num_kv_heads:4
tie_embeddings:True embed_lr:0.035 head_lr:0.0 matrix_lr:0.025 scalar_lr:0.025
train_batch_tokens:786432 train_seq_len:2048 iterations:20000 warmup_steps:20 max_wallclock_seconds:600.000
seed:1337
warmup_step:1/20
warmup_step:2/20
warmup_step:3/20
warmup_step:4/20
warmup_step:5/20
warmup_step:6/20
warmup_step:7/20
warmup_step:8/20
warmup_step:9/20
warmup_step:10/20
warmup_step:11/20
warmup_step:12/20
warmup_step:13/20
warmup_step:14/20
warmup_step:15/20
warmup_step:16/20
warmup_step:17/20
warmup_step:18/20
warmup_step:19/20
warmup_step:20/20
step:0/20000 val_loss:6.9281 val_bpb:4.1032 train_time:0ms step_avg:0.01ms
step:1/20000 train_loss:6.9291 train_time:229ms step_avg:228.74ms
step:2/20000 train_loss:8.5456 train_time:334ms step_avg:167.05ms
step:3/20000 train_loss:7.8619 train_time:437ms step_avg:145.74ms
step:4/20000 train_loss:7.1222 train_time:541ms step_avg:135.27ms
step:5/20000 train_loss:6.9897 train_time:643ms step_avg:128.64ms
step:6/20000 train_loss:7.0779 train_time:746ms step_avg:124.37ms
step:7/20000 train_loss:6.9634 train_time:850ms step_avg:121.37ms
step:8/20000 train_loss:6.8558 train_time:953ms step_avg:119.13ms
step:9/20000 train_loss:6.4528 train_time:1056ms step_avg:117.37ms
step:10/20000 train_loss:6.1776 train_time:1165ms step_avg:116.54ms
step:500/20000 train_loss:2.3611 train_time:53392ms step_avg:106.78ms
step:500/20000 val_loss:2.3184 val_bpb:1.3731 train_time:53397ms step_avg:106.79ms
step:1000/20000 train_loss:2.2389 train_time:107374ms step_avg:107.37ms
step:1000/20000 val_loss:2.1909 val_bpb:1.2976 train_time:107380ms step_avg:107.38ms
step:1500/20000 train_loss:2.1878 train_time:161582ms step_avg:107.72ms
step:1500/20000 val_loss:2.1505 val_bpb:1.2736 train_time:161587ms step_avg:107.72ms
step:2000/20000 train_loss:2.0320 train_time:215838ms step_avg:107.92ms
step:2000/20000 val_loss:2.0949 val_bpb:1.2407 train_time:215843ms step_avg:107.92ms
step:2500/20000 train_loss:2.1259 train_time:270052ms step_avg:108.02ms
step:2500/20000 val_loss:2.0591 val_bpb:1.2195 train_time:270058ms step_avg:108.02ms
step:3000/20000 train_loss:2.1051 train_time:324218ms step_avg:108.07ms
step:3000/20000 val_loss:2.0326 val_bpb:1.2038 train_time:324223ms step_avg:108.07ms
step:3500/20000 train_loss:2.1099 train_time:378365ms step_avg:108.10ms
step:3500/20000 val_loss:2.0102 val_bpb:1.1905 train_time:378371ms step_avg:108.11ms
step:4000/20000 train_loss:1.8984 train_time:432493ms step_avg:108.12ms
step:4000/20000 val_loss:1.9871 val_bpb:1.1769 train_time:432499ms step_avg:108.12ms
step:4500/20000 train_loss:2.0403 train_time:486614ms step_avg:108.14ms
step:4500/20000 val_loss:1.9616 val_bpb:1.1618 train_time:486619ms step_avg:108.14ms
swa:start step:4850
step:5000/20000 train_loss:2.0105 train_time:540908ms step_avg:108.18ms
step:5000/20000 val_loss:1.9332 val_bpb:1.1449 train_time:540959ms step_avg:108.19ms
late_qat:enabled step:5021 scale:0.1500
step:5500/20000 train_loss:1.9245 train_time:595383ms step_avg:108.25ms
step:5500/20000 val_loss:1.9080 val_bpb:1.1300 train_time:595419ms step_avg:108.26ms
step:5543/20000 val_loss:1.9074 val_bpb:1.1297 train_time:600014ms step_avg:108.25ms
stopping_early: wallclock_cap train_time:600014ms step:5543/20000
peak memory allocated: 24115 MiB reserved: 24444 MiB
ema:applying EMA weights
DIAGNOSTIC post_ema val_loss:1.9063 val_bpb:1.1290 eval_time:2461ms
measuring_block_influence...
  layer_0_BI:0.869629
  layer_1_BI:0.194336
  layer_2_BI:0.223633
  layer_3_BI:0.223633
  layer_4_BI:0.206055
  layer_5_BI:0.250000
  layer_6_BI:0.263672
  layer_7_BI:0.221680
  layer_8_BI:0.130859
  layer_9_BI:0.086914
  layer_10_BI:0.075195
  layer_11_BI:0.089844
  layer_12_BI:0.190430
pruned_layers:2 remaining:11 kept:[0, 1, 2, 3, 4, 5, 6, 7, 8, 11, 12]
Serialized model: 107227145 bytes
Code size: 75394 bytes
Serialized model int6+zstd: 16541977 bytes
Total submission size int6+zstd: 16617371 bytes
Total submission size int8+zlib: 16617371 bytes
final_int6_roundtrip val_loss:3.9751 val_bpb:2.3543 eval_time:6273ms
final_int6_roundtrip_exact val_loss:3.97505590 val_bpb:2.35425201
final_int6_sliding_window val_loss:3.9862 val_bpb:2.3608 stride:64 eval_time:76227ms
final_int6_sliding_window_exact val_loss:3.98616910 val_bpb:2.36084012
final_int8_zlib_roundtrip_exact val_loss:3.98616910 val_bpb:2.36084012
[1;34mwandb[0m: 
[1;34mwandb[0m: 🚀 View run [33m2026-03-25_1100_13L_StructuredPruning_seed1337[0m at: [34mhttps://wandb.ai/gluon/parameter-golf/runs/wwy33g6p[0m
[1;34mwandb[0m: Find logs at: [1;35mwandb/run-20260325_074744-wwy33g6p/logs[0m
